<?xml version="1.0" encoding="UTF-8"?>
<!-- Generated by org.testng.reporters.JUnitXMLReporter -->
<testsuite ignored="1" hostname="AJSPC" failures="0" tests="2" name="Submit Order Test2" time="47.0" errors="0" timestamp="2024-08-07T18:36:03 EDT">
  <testcase classname="YaminiBarla.tests.ecomersePageObjModel_HashMap" name="submitOrder" time="20.133"/>
  <testcase classname="YaminiBarla.tests.ecomersePageObjModel_HashMap" name="submitOrder" time="19.576"/>
  <testcase classname="YaminiBarla.tests.ecomersePageObjModel_HashMap" name="checkOrderHistory" time="0.0">
    <ignored/>
  </testcase> <!-- checkOrderHistory -->
</testsuite> <!-- Submit Order Test2 -->
