<?xml version="1.0" encoding="UTF-8"?>
<!-- Generated by org.testng.reporters.JUnitXMLReporter -->
<testsuite ignored="1" hostname="AJSPC" failures="0" tests="2" name="Submit Order Test2" time="42.48" errors="0" timestamp="19 Aug 2024 21:18:50 GMT">
  <testcase classname="YaminiBarla.tests.ecomersePageObjModel_HashMap" name="submitOrder" time="18.652"/>
  <testcase classname="YaminiBarla.tests.ecomersePageObjModel_HashMap" name="submitOrder" time="16.344"/>
  <testcase classname="YaminiBarla.tests.ecomersePageObjModel_HashMap" name="checkOrderHistory" time="0.0">
    <ignored/>
  </testcase> <!-- checkOrderHistory -->
</testsuite> <!-- Submit Order Test2 -->
