<?xml version="1.0" encoding="UTF-8"?>
<!-- Generated by org.testng.reporters.JUnitXMLReporter -->
<testsuite ignored="2" hostname="AJSPC" failures="0" tests="0" time="0.005" errors="0" timestamp="28 Aug 2024 22:10:15 GMT">
  <testcase classname="YaminiBarla.tests.ecomersePageObjModel" name="submitOrder" time="0.0">
    <ignored/>
  </testcase> <!-- submitOrder -->
  <testcase classname="YaminiBarla.tests.ecomersePageObjModel" name="checkOrderHistory" time="0.0">
    <ignored/>
  </testcase> <!-- checkOrderHistory -->
</testsuite>
